Using pre-set license
Built from '2020.3/staging' branch; Version is '2020.3.9f1 (108be757e447) revision 1084391'; Using compiler version '192528614'; Build Type 'Release'
OS: 'Windows 10 Home; OS build 19043.1165; Version 2009; 64bit' Language: 'en' Physical Memory: 16348 MB
BatchMode: 1, IsHumanControllingUs: 0, StartBugReporterOnCrash: 0, Is64bit: 1, IsPro: 0

 COMMAND LINE ARGUMENTS:
C:\Program Files\Unity\Hub\Editor\2020.3.9f1\Editor\Unity.exe
-adb2
-batchMode
-noUpm
-name
AssetImportWorker0
-projectPath
F:/Connor Stuff/Unity/PrototypePlayground/PrototypePlayground
-logFile
Logs/AssetImportWorker0.log
-srvPort
56505
Successfully changed project path to: F:/Connor Stuff/Unity/PrototypePlayground/PrototypePlayground
F:/Connor Stuff/Unity/PrototypePlayground/PrototypePlayground
Using Asset Import Pipeline V2.
Refreshing native plugins compatible for Editor in 64.82 ms, found 0 plugins.
Preloading 0 native plugins for Editor in 0.00 ms.
Initialize engine version: 2020.3.9f1 (108be757e447)
[Subsystems] Discovering subsystems at path C:/Program Files/Unity/Hub/Editor/2020.3.9f1/Editor/Data/Resources/UnitySubsystems
[Subsystems] Discovering subsystems at path F:/Connor Stuff/Unity/PrototypePlayground/PrototypePlayground/Assets
GfxDevice: creating device client; threaded=0
Direct3D:
    Version:  Direct3D 11.0 [level 11.1]
    Renderer: NVIDIA GeForce GTX 1060 3GB (ID=0x1c02)
    Vendor:   
    VRAM:     2988 MB
    Driver:   27.21.14.6677
Initialize mono
Mono path[0] = 'C:/Program Files/Unity/Hub/Editor/2020.3.9f1/Editor/Data/Managed'
Mono path[1] = 'C:/Program Files/Unity/Hub/Editor/2020.3.9f1/Editor/Data/MonoBleedingEdge/lib/mono/unityjit'
Mono config path = 'C:/Program Files/Unity/Hub/Editor/2020.3.9f1/Editor/Data/MonoBleedingEdge/etc'
Using monoOptions --debugger-agent=transport=dt_socket,embedding=1,server=y,suspend=n,address=127.0.0.1:56764
Begin MonoManager ReloadAssembly
Registering precompiled unity dll's ...
Register platform support module: C:/Program Files/Unity/Hub/Editor/2020.3.9f1/Editor/Data/PlaybackEngines/MacStandaloneSupport/UnityEditor.OSXStandalone.Extensions.dll
Register platform support module: C:/Program Files/Unity/Hub/Editor/2020.3.9f1/Editor/Data/PlaybackEngines/WindowsStandaloneSupport/UnityEditor.WindowsStandalone.Extensions.dll
Registered in 0.003150 seconds.
Native extension for WindowsStandalone target not found
Native extension for OSXStandalone target not found
Refreshing native plugins compatible for Editor in 67.87 ms, found 0 plugins.
Preloading 0 native plugins for Editor in 0.00 ms.
Mono: successfully reloaded assembly
- Completed reload, in  2.226 seconds
Platform modules already initialized, skipping
Registering precompiled user dll's ...
Registered in 0.001090 seconds.
Begin MonoManager ReloadAssembly
Native extension for WindowsStandalone target not found
Native extension for OSXStandalone target not found
Refreshing native plugins compatible for Editor in 0.59 ms, found 0 plugins.
Preloading 0 native plugins for Editor in 0.00 ms.
Mono: successfully reloaded assembly
- Completed reload, in  1.408 seconds
Platform modules already initialized, skipping
========================================================================
Worker process is ready to serve import requests
Launched and connected shader compiler UnityShaderCompiler.exe after 0.11 seconds
Refreshing native plugins compatible for Editor in 0.76 ms, found 0 plugins.
Preloading 0 native plugins for Editor in 0.00 ms.
Unloading 1432 Unused Serialized files (Serialized files now loaded: 0)
System memory in use before: 95.9 MB.
System memory in use after: 96.0 MB.

Unloading 14 unused Assets to reduce memory usage. Loaded Objects now: 1895.
Total: 2.498100 ms (FindLiveObjects: 0.159500 ms CreateObjectMapping: 0.046600 ms MarkObjects: 2.149600 ms  DeleteObjects: 0.140600 ms)

========================================================================
Received Import Request.
  path: Assets/Scripts/TDPrototype/BaseEnemy.cs
  artifactKey: Guid(cb2b1efd90fe520429732dec77978c1f) Importer(815301076,1909f56bfc062723c751e8b465ee728b)
Start importing Assets/Scripts/TDPrototype/BaseEnemy.cs using Guid(cb2b1efd90fe520429732dec77978c1f) Importer(815301076,1909f56bfc062723c751e8b465ee728b)  -> (artifact id: '0a171e4d4dc2607351e51129b6cd2c13') in 0.147855 seconds
  Import took 0.151867 seconds .

========================================================================
Received Import Request.
  Time since last request: 7258.236201 seconds.
  path: Assets/Scripts/TDPrototype/BaseEnemy.cs
  artifactKey: Guid(cb2b1efd90fe520429732dec77978c1f) Importer(815301076,1909f56bfc062723c751e8b465ee728b)
Start importing Assets/Scripts/TDPrototype/BaseEnemy.cs using Guid(cb2b1efd90fe520429732dec77978c1f) Importer(815301076,1909f56bfc062723c751e8b465ee728b)  -> (artifact id: '704f708f4d7b64462ee7ba5a201b2f5e') in 0.013037 seconds
  Import took 0.082417 seconds .

========================================================================
Received Import Request.
  Time since last request: 7.301309 seconds.
  path: Assets/Scripts/TDPrototype/TDEnemy.cs
  artifactKey: Guid(700aa4815f034af40a6ba23579d0de0a) Importer(815301076,1909f56bfc062723c751e8b465ee728b)
Start importing Assets/Scripts/TDPrototype/TDEnemy.cs using Guid(700aa4815f034af40a6ba23579d0de0a) Importer(815301076,1909f56bfc062723c751e8b465ee728b)  -> (artifact id: 'ad820acac91133bf035c685d3d85b8d8') in 0.012240 seconds
  Import took 0.051354 seconds .

========================================================================
Received Prepare
Registering precompiled user dll's ...
Registered in 0.001897 seconds.
Begin MonoManager ReloadAssembly
Native extension for WindowsStandalone target not found
Native extension for OSXStandalone target not found
Refreshing native plugins compatible for Editor in 0.61 ms, found 0 plugins.
Preloading 0 native plugins for Editor in 0.00 ms.
NullReferenceException: Object reference not set to an instance of an object
  at XNodeEditor.NodeEditorAssetModProcessor.OnReloadEditor () [0x0004b] in F:\Connor Stuff\Unity\PrototypePlayground\PrototypePlayground\Assets\Blink\Tools\RPGBuilder\ThirdPartyAssets\xNode-master\Scripts\Editor\NodeEditorAssetModProcessor.cs:55 

(Filename: Assets/Blink/Tools/RPGBuilder/ThirdPartyAssets/xNode-master/Scripts/Editor/NodeEditorAssetModProcessor.cs Line: 55)

Mono: successfully reloaded assembly
- Completed reload, in  1.220 seconds
Platform modules already initialized, skipping
Refreshing native plugins compatible for Editor in 0.55 ms, found 0 plugins.
Preloading 0 native plugins for Editor in 0.00 ms.
Unloading 1383 Unused Serialized files (Serialized files now loaded: 0)
System memory in use before: 93.5 MB.
System memory in use after: 93.6 MB.

Unloading 9 unused Assets to reduce memory usage. Loaded Objects now: 1899.
Total: 2.222600 ms (FindLiveObjects: 0.157600 ms CreateObjectMapping: 0.055800 ms MarkObjects: 1.827500 ms  DeleteObjects: 0.180800 ms)

========================================================================
Received Import Request.
  Time since last request: 262.726450 seconds.
  path: Assets/Scripts/TDPrototype/TDBasicEnemy.cs
  artifactKey: Guid(3d5593aa8f7a34b4c919cd1b1dc62cc0) Importer(815301076,1909f56bfc062723c751e8b465ee728b)
Start importing Assets/Scripts/TDPrototype/TDBasicEnemy.cs using Guid(3d5593aa8f7a34b4c919cd1b1dc62cc0) Importer(815301076,1909f56bfc062723c751e8b465ee728b)  -> (artifact id: '4ee9447d3a13b88dce332411df501def') in 0.031773 seconds
  Import took 0.050170 seconds .

========================================================================
Received Prepare
Registering precompiled user dll's ...
Registered in 0.001192 seconds.
Begin MonoManager ReloadAssembly
Native extension for WindowsStandalone target not found
Native extension for OSXStandalone target not found
Refreshing native plugins compatible for Editor in 0.57 ms, found 0 plugins.
Preloading 0 native plugins for Editor in 0.00 ms.
NullReferenceException: Object reference not set to an instance of an object
  at XNodeEditor.NodeEditorAssetModProcessor.OnReloadEditor () [0x0004b] in F:\Connor Stuff\Unity\PrototypePlayground\PrototypePlayground\Assets\Blink\Tools\RPGBuilder\ThirdPartyAssets\xNode-master\Scripts\Editor\NodeEditorAssetModProcessor.cs:55 

(Filename: Assets/Blink/Tools/RPGBuilder/ThirdPartyAssets/xNode-master/Scripts/Editor/NodeEditorAssetModProcessor.cs Line: 55)

Mono: successfully reloaded assembly
- Completed reload, in  1.591 seconds
Platform modules already initialized, skipping
Refreshing native plugins compatible for Editor in 0.57 ms, found 0 plugins.
Preloading 0 native plugins for Editor in 0.00 ms.
Unloading 1384 Unused Serialized files (Serialized files now loaded: 0)
System memory in use before: 93.6 MB.
System memory in use after: 93.7 MB.

Unloading 9 unused Assets to reduce memory usage. Loaded Objects now: 1903.
Total: 2.116400 ms (FindLiveObjects: 0.164500 ms CreateObjectMapping: 0.045500 ms MarkObjects: 1.785000 ms  DeleteObjects: 0.120300 ms)

========================================================================
Received Import Request.
  Time since last request: 7901.208722 seconds.
  path: Assets/Scripts/TDPrototype/TDBasicEnemy.cs
  artifactKey: Guid(3d5593aa8f7a34b4c919cd1b1dc62cc0) Importer(815301076,1909f56bfc062723c751e8b465ee728b)
Start importing Assets/Scripts/TDPrototype/TDBasicEnemy.cs using Guid(3d5593aa8f7a34b4c919cd1b1dc62cc0) Importer(815301076,1909f56bfc062723c751e8b465ee728b)  -> (artifact id: '8eb6d19fe9ab0f4c0cc4960df6de2ced') in 0.188375 seconds
  Import took 0.215469 seconds .

